2025-07-04T22:20:16.7712180Z     __ __          __      __    _ __     
2025-07-04T22:20:16.8016089Z    / //_/_  _ ____/ /_  __/ /   (_) /____ 
2025-07-04T22:20:16.8016207Z   / ,< / / / / __  / / / / /   / / __/ _  
2025-07-04T22:20:16.8016225Z  / /| / /_/ / /_/ / /_/ / /___/ / /_/  __/
2025-07-04T22:20:16.8016243Z /_/ |_\__,_/\__,_/\__,_/_____/_/\__/\___/ 
2025-07-04T22:20:16.8034779Z 
2025-07-04T22:20:16.8035022Z                                           
2025-07-04T22:20:16.8035057Z DEBUG CONSOLE | AZURE APP SERVICE ON LINUX
2025-07-04T22:20:16.8035083Z 
2025-07-04T22:20:16.8035141Z Documentation: http://aka.ms/webapp-linux
2025-07-04T22:20:16.8035166Z Kudu Version : 20250623.5
2025-07-04T22:20:16.8035188Z Commit       : 353543ec4c45fcbfd4750522d32c94e23b31927a
2025-07-04T22:20:16.8035209Z 
2025-07-04T22:20:17.6702951Z chown: changing ownership of '/temp': Operation not permitted
2025-07-04T22:20:17.6803496Z chmod: changing permissions of '/temp': Operation not permitted
2025-07-04T22:20:19.4213072Z Restarting OpenBSD Secure Shell server: sshd.
2025-07-04T22:20:19.6043769Z node not running, starting node /opt/webssh/index.js
2025-07-04T22:20:28.1971683Z Fri Jul 4 22:20:28 UTC 2025 running .net core
2025-07-04T22:20:30.4695082Z Startup : 10.20.30.411368
2025-07-04T22:20:30.5712210Z Configure Services : 10.20.30.571002
2025-07-04T22:20:31.1417242Z Configure : 10.20.31.134763
2025-07-04T22:20:31.5449152Z Setting Up Routes : 10.20.31.544575
2025-07-04T22:20:31.9767235Z Exiting Configure : 10.20.31.959741
2025-07-04T22:20:32.3093506Z Hosting environment: Production
2025-07-04T22:20:32.3100290Z Content root path: /opt/Kudu
2025-07-04T22:20:32.3105590Z Now listening on: http://0.0.0.0:8181
2025-07-04T22:20:32.3187450Z Application started. Press Ctrl+C to shut down.
2025-07-04T22:24:22.2375143Z     __ __          __      __    _ __     
2025-07-04T22:24:22.2471541Z    / //_/_  _ ____/ /_  __/ /   (_) /____ 
2025-07-04T22:24:22.2471729Z   / ,< / / / / __  / / / / /   / / __/ _  
2025-07-04T22:24:22.2471750Z  / /| / /_/ / /_/ / /_/ / /___/ / /_/  __/
2025-07-04T22:24:22.2471767Z /_/ |_\__,_/\__,_/\__,_/_____/_/\__/\___/ 
2025-07-04T22:24:22.2471842Z 
2025-07-04T22:24:22.2471895Z                                           
2025-07-04T22:24:22.2471913Z DEBUG CONSOLE | AZURE APP SERVICE ON LINUX
2025-07-04T22:24:22.2471928Z 
2025-07-04T22:24:22.2471946Z Documentation: http://aka.ms/webapp-linux
2025-07-04T22:24:22.2471967Z Kudu Version : 20250623.5
2025-07-04T22:24:22.2471988Z Commit       : 353543ec4c45fcbfd4750522d32c94e23b31927a
2025-07-04T22:24:22.2472004Z 
2025-07-04T22:24:23.0273144Z chown: changing ownership of '/temp': Operation not permitted
2025-07-04T22:24:23.0365356Z chmod: changing permissions of '/temp': Operation not permitted
2025-07-04T22:24:26.1942637Z Restarting OpenBSD Secure Shell server: sshd.
2025-07-04T22:24:26.3433891Z node not running, starting node /opt/webssh/index.js
2025-07-04T22:24:52.7025778Z Fri Jul 4 22:24:52 UTC 2025 running .net core
2025-07-04T22:24:56.8755108Z Startup : 10.24.56.804824
2025-07-04T22:24:56.9742248Z Configure Services : 10.24.56.973930
2025-07-04T22:24:58.9918257Z Configure : 10.24.58.991562
2025-07-04T22:24:59.9267614Z Setting Up Routes : 10.24.59.926591
2025-07-04T22:25:02.7657614Z Exiting Configure : 10.25.02.747170
2025-07-04T22:25:06.1372947Z Hosting environment: Production
2025-07-04T22:25:06.1385350Z Content root path: /opt/Kudu
2025-07-04T22:25:06.2056935Z Now listening on: http://0.0.0.0:8181
2025-07-04T22:25:06.2057444Z Application started. Press Ctrl+C to shut down.
2025-07-04T22:29:34.1250061Z     __ __          __      __    _ __     
2025-07-04T22:29:34.1327840Z    / //_/_  _ ____/ /_  __/ /   (_) /____ 
2025-07-04T22:29:34.1328039Z   / ,< / / / / __  / / / / /   / / __/ _  
2025-07-04T22:29:34.1328065Z  / /| / /_/ / /_/ / /_/ / /___/ / /_/  __/
2025-07-04T22:29:34.1328087Z /_/ |_\__,_/\__,_/\__,_/_____/_/\__/\___/ 
2025-07-04T22:29:34.1328126Z 
2025-07-04T22:29:34.1328222Z                                           
2025-07-04T22:29:34.1328247Z DEBUG CONSOLE | AZURE APP SERVICE ON LINUX
2025-07-04T22:29:34.1328267Z 
2025-07-04T22:29:34.1328290Z Documentation: http://aka.ms/webapp-linux
2025-07-04T22:29:34.1328316Z Kudu Version : 20250623.5
2025-07-04T22:29:34.1328339Z Commit       : 353543ec4c45fcbfd4750522d32c94e23b31927a
2025-07-04T22:29:34.1328360Z 
2025-07-04T22:29:34.9309706Z chown: changing ownership of '/temp': Operation not permitted
2025-07-04T22:29:34.9429599Z chmod: changing permissions of '/temp': Operation not permitted
2025-07-04T22:32:06.5083005Z     __ __          __      __    _ __     
2025-07-04T22:32:06.5084278Z    / //_/_  _ ____/ /_  __/ /   (_) /____ 
2025-07-04T22:32:06.5084313Z   / ,< / / / / __  / / / / /   / / __/ _  
2025-07-04T22:32:06.5084332Z  / /| / /_/ / /_/ / /_/ / /___/ / /_/  __/
2025-07-04T22:32:06.5084351Z /_/ |_\__,_/\__,_/\__,_/_____/_/\__/\___/ 
2025-07-04T22:32:06.5084399Z 
2025-07-04T22:32:06.5084422Z                                           
2025-07-04T22:32:06.5084536Z DEBUG CONSOLE | AZURE APP SERVICE ON LINUX
2025-07-04T22:32:06.5084554Z 
2025-07-04T22:32:06.5084575Z Documentation: http://aka.ms/webapp-linux
2025-07-04T22:32:06.5084593Z Kudu Version : 20250623.5
2025-07-04T22:32:06.5084612Z Commit       : 353543ec4c45fcbfd4750522d32c94e23b31927a
2025-07-04T22:32:06.5084628Z 
2025-07-04T22:32:06.7936118Z chown: changing ownership of '/temp': Operation not permitted
2025-07-04T22:32:06.8039590Z chmod: changing permissions of '/temp': Operation not permitted
2025-07-04T22:32:12.1519054Z Restarting OpenBSD Secure Shell server: sshd.
2025-07-04T22:32:12.3516322Z node not running, starting node /opt/webssh/index.js
2025-07-04T22:32:27.9152026Z Fri Jul 4 22:32:27 UTC 2025 running .net core
2025-07-04T22:32:32.1295260Z Startup : 10.32.32.061031
2025-07-04T22:32:32.2411807Z Configure Services : 10.32.32.223073
2025-07-04T22:32:33.5075582Z Configure : 10.32.33.507397
2025-07-04T22:32:34.8147000Z Setting Up Routes : 10.32.34.805846
2025-07-04T22:32:35.5311503Z Exiting Configure : 10.32.35.530982
2025-07-04T22:32:35.8616223Z Hosting environment: Production
2025-07-04T22:32:35.8632884Z Content root path: /opt/Kudu
2025-07-04T22:32:35.8803903Z Now listening on: http://0.0.0.0:8181
2025-07-04T22:32:35.8804127Z Application started. Press Ctrl+C to shut down.
