2025-07-04T21:28:49.8196186Z Container start method called.
2025-07-04T21:28:49.8301226Z Establishing network.
2025-07-04T21:28:49.8307863Z Pulling image: aiconciergeregistry-eta2akbcfvfqfycd.azurecr.io/ai-voice-concierge:latest.
2025-07-04T21:28:52.3966133Z Container pull image failed with reason: ImagePullFailure. Revert by terminate.
2025-07-04T21:28:52.3983458Z Container is terminating. Grace period: 5 seconds.
2025-07-04T21:28:52.4070449Z Container spec TerminationMessagePolicy  path 
2025-07-04T21:28:52.4160909Z Container is terminated. Total time elapsed: 3 ms.
2025-07-04T21:28:52.4169001Z Site container: ai-voice-concierge terminated during site startup.
2025-07-04T21:28:52.4562208Z Failed to start site. Revert by stopping site.
2025-07-04T21:28:52.4677821Z Site: ai-voice-concierge stopped.
2025-07-04T21:29:39.249Z ERROR - DockerApiException: Docker API responded with status code=InternalServerError, response={"message":"Head \"https://aiconciergeregistry-eta2akbcfvfqfycd.azurecr.io/v2/ai-voice-concierge/manifests/latest\": unauthorized: authentication required, visit https://aka.ms/acr/authorization for more information. CorrelationId: ad37f025-f4fb-49cb-974c-86c330cc410b"}

2025-07-04T21:29:39.250Z WARN  - Image pull failed. Defaulting to local copy if present.
2025-07-04T21:29:39.258Z ERROR - Image pull failed: Verify docker image configuration and credentials (if using private repository)
2025-07-04T21:29:44.949Z INFO  - Stopping site ai-voice-concierge because it failed during startup.
.azurewebsites.net -e WEBSITE_INSTANCE_ID=6eb799316fbaabd74711dbc1accf164a63da6180aac1749e21c76e054fc31708 mcr.microsoft.com/appsvc/msitokenservice:stage4 REDACTED
2025-07-04T21:29:14.267Z INFO  - Logging is not enabled for this container.
Please use https://aka.ms/linux-diagnostics to enable logging to see container logs here.
2025-07-04T21:30:23.551Z ERROR - DockerApiException: Docker API responded with status code=InternalServerError, response={"message":"Head \"https://aiconciergeregistry-eta2akbcfvfqfycd.azurecr.io/v2/ai-voice-concierge/manifests/latest\": unauthorized: authentication required, visit https://aka.ms/acr/authorization for more information. CorrelationId: cc2bda14-2dda-4e87-8cb0-fa748ff6c1c6"}

2025-07-04T21:30:23.553Z WARN  - Image pull failed. Defaulting to local copy if present.
2025-07-04T21:30:23.562Z ERROR - Image pull failed: Verify docker image configuration and credentials (if using private repository)
2025-07-04T21:30:30.093Z INFO  - Stopping site ai-voice-concierge because it failed during startup.
.azurewebsites.net -e WEBSITE_INSTANCE_ID=6eb799316fbaabd74711dbc1accf164a63da6180aac1749e21c76e054fc31708 mcr.microsoft.com/appsvc/msitokenservice:stage4 REDACTED
2025-07-04T21:29:55.733Z INFO  - Logging is not enabled for this container.
Please use https://aka.ms/linux-diagnostics to enable logging to see container logs here.
2025-07-04T21:30:52.200Z ERROR - DockerApiException: Docker API responded with status code=InternalServerError, response={"message":"Head \"https://aiconciergeregistry-eta2akbcfvfqfycd.azurecr.io/v2/ai-voice-concierge/manifests/latest\": unauthorized: authentication required, visit https://aka.ms/acr/authorization for more information. CorrelationId: 1a485ae8-1fd0-4f5b-a230-14f29841013d"}

2025-07-04T21:30:52.201Z WARN  - Image pull failed. Defaulting to local copy if present.
2025-07-04T21:30:52.206Z ERROR - Image pull failed: Verify docker image configuration and credentials (if using private repository)
2025-07-04T21:30:57.756Z INFO  - Stopping site ai-voice-concierge because it failed during startup.
.azurewebsites.net -e WEBSITE_INSTANCE_ID=6eb799316fbaabd74711dbc1accf164a63da6180aac1749e21c76e054fc31708 mcr.microsoft.com/appsvc/msitokenservice:stage4 REDACTED
2025-07-04T21:30:40.882Z INFO  - Logging is not enabled for this container.
Please use https://aka.ms/linux-diagnostics to enable logging to see container logs here.
2025-07-04T21:31:26.363Z ERROR - DockerApiException: Docker API responded with status code=InternalServerError, response={"message":"Head \"https://aiconciergeregistry-eta2akbcfvfqfycd.azurecr.io/v2/ai-voice-concierge/manifests/latest\": unauthorized: authentication required, visit https://aka.ms/acr/authorization for more information. CorrelationId: 04941777-21b1-4806-939f-c30d15bc86dd"}

2025-07-04T21:31:26.364Z WARN  - Image pull failed. Defaulting to local copy if present.
2025-07-04T21:31:26.374Z ERROR - Image pull failed: Verify docker image configuration and credentials (if using private repository)
2025-07-04T21:31:32.267Z INFO  - Stopping site ai-voice-concierge because it failed during startup.
.azurewebsites.net -e WEBSITE_INSTANCE_ID=6eb799316fbaabd74711dbc1accf164a63da6180aac1749e21c76e054fc31708 mcr.microsoft.com/appsvc/msitokenservice:stage4 REDACTED
2025-07-04T21:31:10.980Z INFO  - Logging is not enabled for this container.
Please use https://aka.ms/linux-diagnostics to enable logging to see container logs here.
2025-07-04T21:34:09.384Z ERROR - DockerApiException: Docker API responded with status code=InternalServerError, response={"message":"Head \"https://aiconciergeregistry-eta2akbcfvfqfycd.azurecr.io/v2/ai-voice-concierge/manifests/latest\": unauthorized: authentication required, visit https://aka.ms/acr/authorization for more information. CorrelationId: dd6c49f1-f275-403b-9757-3da153f69939"}

2025-07-04T21:34:09.388Z WARN  - Image pull failed. Defaulting to local copy if present.
2025-07-04T21:34:09.399Z ERROR - Image pull failed: Verify docker image configuration and credentials (if using private repository)
2025-07-04T21:34:14.829Z INFO  - Stopping site ai-voice-concierge because it failed during startup.
.azurewebsites.net -e WEBSITE_INSTANCE_ID=6eb799316fbaabd74711dbc1accf164a63da6180aac1749e21c76e054fc31708 mcr.microsoft.com/appsvc/msitokenservice:stage4 REDACTED
2025-07-04T21:33:53.519Z INFO  - Logging is not enabled for this container.
Please use https://aka.ms/linux-diagnostics to enable logging to see container logs here.
2025-07-04T21:36:32.800Z ERROR - DockerApiException: Docker API responded with status code=InternalServerError, response={"message":"Head \"https://aiconciergeregistry-eta2akbcfvfqfycd.azurecr.io/v2/ai-voice-concierge/manifests/latest\": unauthorized: authentication required, visit https://aka.ms/acr/authorization for more information. CorrelationId: efb9d6cb-77b3-4a28-998c-b45528016a73"}

2025-07-04T21:36:32.802Z WARN  - Image pull failed. Defaulting to local copy if present.
2025-07-04T21:36:32.821Z ERROR - Image pull failed: Verify docker image configuration and credentials (if using private repository)
2025-07-04T21:36:38.325Z INFO  - Stopping site ai-voice-concierge because it failed during startup.
.azurewebsites.net -e WEBSITE_INSTANCE_ID=6eb799316fbaabd74711dbc1accf164a63da6180aac1749e21c76e054fc31708 mcr.microsoft.com/appsvc/msitokenservice:stage4 REDACTED
2025-07-04T21:36:20.877Z INFO  - Logging is not enabled for this container.
Please use https://aka.ms/linux-diagnostics to enable logging to see container logs here.
2025-07-04T21:42:28.704Z ERROR - DockerApiException: Docker API responded with status code=InternalServerError, response={"message":"Head \"https://aiconciergeregistry-eta2akbcfvfqfycd.azurecr.io/v2/ai-voice-concierge/manifests/latest\": unauthorized: authentication required, visit https://aka.ms/acr/authorization for more information. CorrelationId: dc611cbf-883b-4752-a617-743438cfe2d9"}

2025-07-04T21:42:28.706Z WARN  - Image pull failed. Defaulting to local copy if present.
2025-07-04T21:42:28.715Z ERROR - Image pull failed: Verify docker image configuration and credentials (if using private repository)
2025-07-04T21:42:34.356Z INFO  - Stopping site ai-voice-concierge because it failed during startup.
.azurewebsites.net -e WEBSITE_INSTANCE_ID=6eb799316fbaabd74711dbc1accf164a63da6180aac1749e21c76e054fc31708 mcr.microsoft.com/appsvc/msitokenservice:stage4 REDACTED
2025-07-04T21:41:59.352Z INFO  - Logging is not enabled for this container.
Please use https://aka.ms/linux-diagnostics to enable logging to see container logs here.
2025-07-04T22:00:19.529Z ERROR - DockerApiException: Docker API responded with status code=InternalServerError, response={"message":"Head \"https://aiconciergeregistry-eta2akbcfvfqfycd.azurecr.io/v2/ai-voice-concierge/manifests/latest\": unauthorized: authentication required, visit https://aka.ms/acr/authorization for more information. CorrelationId: 475d5312-5335-4427-9281-3b5705f98aef"}

2025-07-04T22:00:19.535Z WARN  - Image pull failed. Defaulting to local copy if present.
2025-07-04T22:00:19.539Z ERROR - Image pull failed: Verify docker image configuration and credentials (if using private repository)
2025-07-04T22:00:25.143Z INFO  - Stopping site ai-voice-concierge because it failed during startup.
.azurewebsites.net -e WEBSITE_INSTANCE_ID=6eb799316fbaabd74711dbc1accf164a63da6180aac1749e21c76e054fc31708 mcr.microsoft.com/appsvc/msitokenservice:stage4 REDACTED
2025-07-04T21:59:54.535Z INFO  - Logging is not enabled for this container.
Please use https://aka.ms/linux-diagnostics to enable logging to see container logs here.
2025-07-04T22:04:05.234Z ERROR - DockerApiException: Docker API responded with status code=InternalServerError, response={"message":"Head \"https://aiconciergeregistry-eta2akbcfvfqfycd.azurecr.io/v2/ai-concierge/manifests/latest\": unauthorized: authentication required, visit https://aka.ms/acr/authorization for more information. CorrelationId: aedff978-8141-4af5-8ef0-27539a88ca69"}

2025-07-04T22:04:05.251Z WARN  - Image pull failed. Defaulting to local copy if present.
2025-07-04T22:04:05.255Z ERROR - Image pull failed: Verify docker image configuration and credentials (if using private repository)
2025-07-04T22:04:11.157Z INFO  - Stopping site ai-voice-concierge because it failed during startup.
cierge.azurewebsites.net -e WEBSITE_INSTANCE_ID=6eb799316fbaabd74711dbc1accf164a63da6180aac1749e21c76e054fc31708 -e HTTP_LOGGING_ENABLED=1 mcr.microsoft.com/appsvc/msitokenservice:stage4 REDACTED
2025-07-04T22:06:46.334Z INFO  - Pulling image: aiconciergeregistry-eta2akbcfvfqfycd.azurecr.io/ai-concierge:latest
2025-07-04T22:06:47.463Z INFO  - latest Pulling from ai-concierge
2025-07-04T22:06:47.564Z INFO  -  
2025-07-04T22:06:47.566Z ERROR - no matching manifest for linux/amd64 in the manifest list entriesErr: 0, Message: no matching manifest for linux/amd64 in the manifest list entries
2025-07-04T22:06:47.569Z INFO  - Pull Image failed, Time taken: 1 Seconds
2025-07-04T22:06:47.576Z ERROR - Pulling docker image aiconciergeregistry-eta2akbcfvfqfycd.azurecr.io/ai-concierge:latest failed:
2025-07-04T22:06:48.079Z ERROR - DockerApiException: Docker API responded with status code=InternalServerError, response={"message":"Head \"https://aiconciergeregistry-eta2akbcfvfqfycd.azurecr.io/v2/ai-concierge/manifests/latest\": unauthorized: authentication required, visit https://aka.ms/acr/authorization for more information. CorrelationId: 3450a812-86a5-4b16-ab5b-825a4d233d04"}

2025-07-04T22:06:48.087Z WARN  - Image pull failed. Defaulting to local copy if present.
2025-07-04T22:06:48.107Z ERROR - Image pull failed: Verify docker image configuration and credentials (if using private repository)
2025-07-04T22:06:53.568Z INFO  - Stopping site ai-voice-concierge because it failed during startup.
2025-07-04T22:12:36.355Z INFO  - Pulling image: aiconciergeregistry-eta2akbcfvfqfycd.azurecr.io/ai-concierge:latest
2025-07-04T22:12:37.610Z INFO  - latest Pulling from ai-concierge
2025-07-04T22:12:38.026Z INFO  - 3da95a905ed5 Already exists
2025-07-04T22:12:38.027Z INFO  - 483d0dd37518 Pulling fs layer
2025-07-04T22:12:38.028Z INFO  - 02a5d22e0d6f Pulling fs layer
2025-07-04T22:12:38.029Z INFO  - 471797cdda8c Pulling fs layer
2025-07-04T22:12:38.030Z INFO  - 192aab3e06da Pulling fs layer
2025-07-04T22:12:38.031Z INFO  - 5c419fbabea9 Pulling fs layer
2025-07-04T22:12:38.032Z INFO  - 1fb43c0d3289 Pulling fs layer
2025-07-04T22:12:38.035Z INFO  - ffb2ea2a4f0e Pulling fs layer
2025-07-04T22:12:38.351Z INFO  - 471797cdda8c Downloading 249B / 249B
2025-07-04T22:12:38.352Z INFO  - 471797cdda8c Verifying Checksum
2025-07-04T22:12:38.353Z INFO  - 471797cdda8c Download complete
2025-07-04T22:12:38.388Z INFO  - 192aab3e06da Downloading 92B / 92B
2025-07-04T22:12:38.390Z INFO  - 192aab3e06da Verifying Checksum
2025-07-04T22:12:38.391Z INFO  - 192aab3e06da Download complete
2025-07-04T22:12:38.392Z INFO  - ffb2ea2a4f0e Downloading 3KB / 18KB
2025-07-04T22:12:38.394Z INFO  - ffb2ea2a4f0e Downloading 18KB / 18KB
2025-07-04T22:12:38.395Z INFO  - ffb2ea2a4f0e Verifying Checksum
2025-07-04T22:12:38.395Z INFO  - ffb2ea2a4f0e Download complete
2025-07-04T22:12:39.092Z INFO  - 5c419fbabea9 Downloading 224B / 224B
2025-07-04T22:12:39.093Z INFO  - 5c419fbabea9 Verifying Checksum
2025-07-04T22:12:39.094Z INFO  - 5c419fbabea9 Download complete
2025-07-04T22:12:39.112Z INFO  - 1fb43c0d3289 Downloading 527KB / 58MB
2025-07-04T22:12:39.113Z INFO  - 483d0dd37518 Downloading 431KB / 3MB
2025-07-04T22:12:39.114Z INFO  - 1fb43c0d3289 Downloading 1MB / 58MB
2025-07-04T22:12:39.115Z INFO  - 02a5d22e0d6f Downloading 959KB / 15MB
2025-07-04T22:12:39.123Z INFO  - 483d0dd37518 Verifying Checksum
2025-07-04T22:12:39.124Z INFO  - 483d0dd37518 Download complete
2025-07-04T22:12:39.173Z INFO  - 02a5d22e0d6f Downloading 4MB / 15MB
2025-07-04T22:12:39.253Z INFO  - 1fb43c0d3289 Downloading 8MB / 58MB
2025-07-04T22:12:39.496Z INFO  - 1fb43c0d3289 Downloading 9MB / 58MB
2025-07-04T22:12:39.565Z INFO  - 1fb43c0d3289 Downloading 10MB / 58MB
2025-07-04T22:12:39.567Z INFO  - 02a5d22e0d6f Downloading 7MB / 15MB
2025-07-04T22:12:40.599Z INFO  - 1fb43c0d3289 Downloading 11MB / 58MB
2025-07-04T22:12:40.600Z INFO  - 483d0dd37518 Extracting 1MB / 3MB
2025-07-04T22:12:40.601Z INFO  - 1fb43c0d3289 Downloading 12MB / 58MB
2025-07-04T22:12:40.609Z INFO  - 02a5d22e0d6f Downloading 12MB / 15MB
2025-07-04T22:12:40.610Z INFO  - 02a5d22e0d6f Downloading 13MB / 15MB
2025-07-04T22:12:40.620Z INFO  - 1fb43c0d3289 Downloading 15MB / 58MB
2025-07-04T22:12:40.621Z INFO  - 1fb43c0d3289 Downloading 16MB / 58MB
2025-07-04T22:12:40.629Z INFO  - 02a5d22e0d6f Downloading 15MB / 15MB
2025-07-04T22:12:40.631Z INFO  - 02a5d22e0d6f Verifying Checksum
2025-07-04T22:12:40.632Z INFO  - 02a5d22e0d6f Download complete
2025-07-04T22:12:40.639Z INFO  - 483d0dd37518 Extracting 3MB / 3MB
2025-07-04T22:12:40.641Z INFO  - 1fb43c0d3289 Downloading 19MB / 58MB
2025-07-04T22:12:41.604Z INFO  - 483d0dd37518 Pull complete
2025-07-04T22:12:41.605Z INFO  - 1fb43c0d3289 Downloading 24MB / 58MB
2025-07-04T22:12:41.606Z INFO  - 02a5d22e0d6f Extracting 1MB / 15MB
2025-07-04T22:12:41.607Z INFO  - 1fb43c0d3289 Downloading 25MB / 58MB
2025-07-04T22:12:41.656Z INFO  - 1fb43c0d3289 Downloading 26MB / 58MB
2025-07-04T22:12:41.657Z INFO  - 02a5d22e0d6f Extracting 3MB / 15MB
2025-07-04T22:12:41.664Z INFO  - 02a5d22e0d6f Extracting 4MB / 15MB
2025-07-04T22:12:41.986Z INFO  - 02a5d22e0d6f Extracting 4MB / 15MB
2025-07-04T22:12:42.088Z INFO  - 1fb43c0d3289 Downloading 28MB / 58MB
2025-07-04T22:12:42.089Z INFO  - 02a5d22e0d6f Extracting 6MB / 15MB
2025-07-04T22:12:42.509Z INFO  - 02a5d22e0d6f Extracting 8MB / 15MB
2025-07-04T22:12:42.510Z INFO  - 02a5d22e0d6f Extracting 9MB / 15MB
2025-07-04T22:12:42.992Z INFO  - 1fb43c0d3289 Downloading 31MB / 58MB
2025-07-04T22:12:42.993Z INFO  - 02a5d22e0d6f Extracting 10MB / 15MB
2025-07-04T22:12:43.055Z INFO  - 1fb43c0d3289 Downloading 34MB / 58MB
2025-07-04T22:12:43.284Z INFO  - 02a5d22e0d6f Extracting 10MB / 15MB
2025-07-04T22:12:43.386Z INFO  - 1fb43c0d3289 Downloading 35MB / 58MB
2025-07-04T22:12:43.527Z INFO  - 1fb43c0d3289 Downloading 36MB / 58MB
2025-07-04T22:12:43.678Z INFO  - 1fb43c0d3289 Downloading 38MB / 58MB
2025-07-04T22:12:43.685Z INFO  - 02a5d22e0d6f Extracting 11MB / 15MB
2025-07-04T22:12:43.756Z INFO  - 02a5d22e0d6f Extracting 11MB / 15MB
2025-07-04T22:12:44.130Z INFO  - 1fb43c0d3289 Downloading 42MB / 58MB
2025-07-04T22:12:44.149Z INFO  - 02a5d22e0d6f Extracting 12MB / 15MB
2025-07-04T22:12:44.301Z INFO  - 1fb43c0d3289 Downloading 43MB / 58MB
2025-07-04T22:12:44.341Z INFO  - 02a5d22e0d6f Extracting 12MB / 15MB
2025-07-04T22:12:44.480Z INFO  - 1fb43c0d3289 Downloading 44MB / 58MB
2025-07-04T22:12:44.770Z INFO  - 02a5d22e0d6f Extracting 13MB / 15MB
2025-07-04T22:12:45.111Z INFO  - 02a5d22e0d6f Extracting 13MB / 15MB
2025-07-04T22:12:45.141Z INFO  - 1fb43c0d3289 Downloading 49MB / 58MB
2025-07-04T22:12:45.471Z INFO  - 1fb43c0d3289 Downloading 50MB / 58MB
2025-07-04T22:12:45.473Z INFO  - 02a5d22e0d6f Extracting 14MB / 15MB
2025-07-04T22:12:45.552Z INFO  - 1fb43c0d3289 Downloading 52MB / 58MB
2025-07-04T22:12:45.795Z INFO  - 02a5d22e0d6f Extracting 14MB / 15MB
2025-07-04T22:12:46.046Z INFO  - 02a5d22e0d6f Extracting 14MB / 15MB
2025-07-04T22:12:46.074Z INFO  - 1fb43c0d3289 Verifying Checksum
2025-07-04T22:12:46.075Z INFO  - 1fb43c0d3289 Download complete
2025-07-04T22:12:46.258Z INFO  - 02a5d22e0d6f Extracting 15MB / 15MB
2025-07-04T22:12:46.316Z INFO  - 02a5d22e0d6f Pull complete
2025-07-04T22:12:46.326Z INFO  - 471797cdda8c Extracting 249B / 249B
2025-07-04T22:12:46.383Z INFO  - 471797cdda8c Extracting 249B / 249B
2025-07-04T22:12:46.420Z INFO  - 471797cdda8c Pull complete
2025-07-04T22:12:46.430Z INFO  - 192aab3e06da Extracting 92B / 92B
2025-07-04T22:12:46.441Z INFO  - 192aab3e06da Extracting 92B / 92B
2025-07-04T22:12:46.453Z INFO  - 192aab3e06da Pull complete
2025-07-04T22:12:46.464Z INFO  - 5c419fbabea9 Extracting 224B / 224B
2025-07-04T22:12:46.481Z INFO  - 5c419fbabea9 Extracting 224B / 224B
2025-07-04T22:12:46.492Z INFO  - 5c419fbabea9 Pull complete
2025-07-04T22:12:46.650Z INFO  - 1fb43c0d3289 Extracting 544KB / 58MB
2025-07-04T22:12:46.811Z INFO  - 1fb43c0d3289 Extracting 1MB / 58MB
2025-07-04T22:12:47.012Z INFO  - 1fb43c0d3289 Extracting 2MB / 58MB
2025-07-04T22:12:47.505Z INFO  - 1fb43c0d3289 Extracting 6MB / 58MB
2025-07-04T22:12:47.626Z INFO  - 1fb43c0d3289 Extracting 7MB / 58MB
2025-07-04T22:12:47.788Z INFO  - 1fb43c0d3289 Extracting 8MB / 58MB
2025-07-04T22:12:47.918Z INFO  - 1fb43c0d3289 Extracting 9MB / 58MB
2025-07-04T22:12:48.048Z INFO  - 1fb43c0d3289 Extracting 10MB / 58MB
2025-07-04T22:12:49.108Z INFO  - 1fb43c0d3289 Extracting 19MB / 58MB
2025-07-04T22:12:49.479Z INFO  - 1fb43c0d3289 Extracting 21MB / 58MB
2025-07-04T22:12:50.202Z INFO  - 1fb43c0d3289 Extracting 27MB / 58MB
2025-07-04T22:12:50.535Z INFO  - 1fb43c0d3289 Extracting 28MB / 58MB
2025-07-04T22:12:52.143Z INFO  - 1fb43c0d3289 Extracting 35MB / 58MB
2025-07-04T22:12:52.276Z INFO  - 1fb43c0d3289 Extracting 37MB / 58MB
2025-07-04T22:12:53.559Z INFO  - 1fb43c0d3289 Extracting 43MB / 58MB
2025-07-04T22:12:53.991Z INFO  - 1fb43c0d3289 Extracting 44MB / 58MB
2025-07-04T22:12:54.242Z INFO  - 1fb43c0d3289 Extracting 47MB / 58MB
2025-07-04T22:12:54.501Z INFO  - 1fb43c0d3289 Extracting 48MB / 58MB
2025-07-04T22:12:55.990Z INFO  - 1fb43c0d3289 Extracting 51MB / 58MB
2025-07-04T22:12:56.693Z INFO  - 1fb43c0d3289 Extracting 52MB / 58MB
2025-07-04T22:12:56.695Z INFO  - 1fb43c0d3289 Extracting 53MB / 58MB
2025-07-04T22:12:57.078Z INFO  - 1fb43c0d3289 Extracting 55MB / 58MB
2025-07-04T22:12:57.188Z INFO  - 1fb43c0d3289 Extracting 56MB / 58MB
2025-07-04T22:12:57.660Z INFO  - 1fb43c0d3289 Extracting 57MB / 58MB
2025-07-04T22:12:57.832Z INFO  - 1fb43c0d3289 Extracting 57MB / 58MB
2025-07-04T22:12:58.705Z INFO  - 1fb43c0d3289 Extracting 58MB / 58MB
2025-07-04T22:12:58.706Z INFO  - 1fb43c0d3289 Pull complete
2025-07-04T22:12:58.707Z INFO  - ffb2ea2a4f0e Extracting 18KB / 18KB
2025-07-04T22:12:58.725Z INFO  - ffb2ea2a4f0e Extracting 18KB / 18KB
2025-07-04T22:12:58.726Z INFO  - ffb2ea2a4f0e Pull complete
2025-07-04T22:12:58.737Z INFO  -  Digest: sha256:def40f2f939977da2a4db90402d92d631fac9c40c48fed29a48ae743503ef24f
2025-07-04T22:12:58.745Z INFO  -  Status: Downloaded newer image for aiconciergeregistry-eta2akbcfvfqfycd.azurecr.io/ai-concierge:latest
2025-07-04T22:12:59.714Z INFO  - Pull Image successful, Time taken: 23 Seconds
2025-07-04T22:13:01.297Z INFO  - Starting container for site
2025-07-04T22:13:01.298Z INFO  - docker run -d --expose=8000 --name ai-voice-concierge_0_8d1778a5 -e WEBSITE_USE_DIAGNOSTIC_SERVER=false -e WEBSITES_ENABLE_APP_SERVICE_STORAGE=false -e WEBSITE_SITE_NAME=ai-voice-concierge -e WEBSITE_AUTH_ENABLED=False -e PORT=8000 -e WEBSITE_ROLE_INSTANCE_ID=0 -e WEBSITE_HOSTNAME=ai-voice-concierge.azurewebsites.net -e WEBSITE_INSTANCE_ID=6eb799316fbaabd74711dbc1accf164a63da6180aac1749e21c76e054fc31708 -e HTTP_LOGGING_ENABLED=1 aiconciergeregistry-eta2akbcfvfqfycd.azurecr.io/ai-concierge:latest REDACTED
2025-07-04T22:13:03.874Z INFO  - Initiating warmup request to container ai-voice-concierge_0_8d1778a5_msiProxy for site ai-voice-concierge
2025-07-04T22:13:04.165Z INFO  - Container ai-voice-concierge_0_8d1778a5_msiProxy for site ai-voice-concierge initialized successfully and is ready to serve requests.
2025-07-04T22:13:04.166Z INFO  - Initiating warmup request to container ai-voice-concierge_0_8d1778a5 for site ai-voice-concierge
2025-07-04T22:13:16.726Z INFO  - Container ai-voice-concierge_0_8d1778a5 for site ai-voice-concierge initialized successfully and is ready to serve requests.
2025-07-04T22:13:58.539Z INFO  - Pulling image: aiconciergeregistry-eta2akbcfvfqfycd.azurecr.io/ai-concierge:latest
2025-07-04T22:13:59.266Z INFO  - latest Pulling from ai-concierge
2025-07-04T22:13:59.325Z INFO  -  Digest: sha256:def40f2f939977da2a4db90402d92d631fac9c40c48fed29a48ae743503ef24f
2025-07-04T22:13:59.327Z INFO  -  Status: Image is up to date for aiconciergeregistry-eta2akbcfvfqfycd.azurecr.io/ai-concierge:latest
2025-07-04T22:13:59.348Z INFO  - Pull Image successful, Time taken: 0 Seconds
2025-07-04T22:13:59.390Z INFO  - Starting container for site
2025-07-04T22:13:59.397Z INFO  - docker run -d --expose=8000 --name ai-voice-concierge_1_aca87269 -e WEBSITE_USE_DIAGNOSTIC_SERVER=false -e WEBSITES_ENABLE_APP_SERVICE_STORAGE=false -e WEBSITE_SITE_NAME=ai-voice-concierge -e WEBSITE_AUTH_ENABLED=False -e PORT=8000 -e WEBSITE_ROLE_INSTANCE_ID=0 -e WEBSITE_HOSTNAME=ai-voice-concierge.azurewebsites.net -e WEBSITE_INSTANCE_ID=6eb799316fbaabd74711dbc1accf164a63da6180aac1749e21c76e054fc31708 -e HTTP_LOGGING_ENABLED=1 aiconciergeregistry-eta2akbcfvfqfycd.azurecr.io/ai-concierge:latest REDACTED
2025-07-04T22:14:02.453Z INFO  - Initiating warmup request to container ai-voice-concierge_1_aca87269_msiProxy for site ai-voice-concierge
2025-07-04T22:14:02.633Z INFO  - Container ai-voice-concierge_1_aca87269_msiProxy for site ai-voice-concierge initialized successfully and is ready to serve requests.
2025-07-04T22:14:02.634Z INFO  - Initiating warmup request to container ai-voice-concierge_1_aca87269 for site ai-voice-concierge
2025-07-04T22:14:26.420Z INFO  - Waiting for response to warmup request for container ai-voice-concierge_1_aca87269. Elapsed time = 23.96732 sec
2025-07-04T22:14:37.072Z INFO  - Container ai-voice-concierge_1_aca87269 for site ai-voice-concierge initialized successfully and is ready to serve requests.
2025-07-04T22:16:21.7106094Z Container start method called.
2025-07-04T22:16:21.7110025Z Establishing network.
2025-07-04T22:16:21.7111824Z Pulling image: aiconciergeregistry-eta2akbcfvfqfycd.azurecr.io/ai-concierge:latest.
2025-07-04T22:17:17.2164290Z Image aiconciergeregistry-eta2akbcfvfqfycd.azurecr.io/ai-concierge:latest is pulled from registry aiconciergeregistry-eta2akbcfvfqfycd.azurecr.io
2025-07-04T22:17:17.2781052Z Container is starting.
2025-07-04T22:17:17.2862511Z Establishing user namespace if not established already.
2025-07-04T22:17:17.2867639Z Establishing network if not established already.
2025-07-04T22:17:17.2873296Z Mounting volumes.
2025-07-04T22:17:17.3179118Z Nested mountpoint volatile/logs
2025-07-04T22:17:17.3566421Z Nested mountpoint 
2025-07-04T22:17:17.4782490Z Creating container.
2025-07-04T22:17:17.4789732Z Creating pipes for streaming container io.
2025-07-04T22:17:17.4793559Z Creating stdout named pipe at /podr/container/pipe/7a5986b8471e_ai-voice-concierge/stdout_825a307420f242c3a7383607155e3b85.
2025-07-04T22:17:17.5076347Z Successfully created stdout named pipe at: /podr/container/pipe/7a5986b8471e_ai-voice-concierge/stdout_825a307420f242c3a7383607155e3b85.
2025-07-04T22:17:17.5084181Z Opening named pipe /podr/container/pipe/7a5986b8471e_ai-voice-concierge/stdout_825a307420f242c3a7383607155e3b85 for reading in non-blocking mode.
2025-07-04T22:17:17.5097127Z Successfully opened named pipe: /podr/container/pipe/7a5986b8471e_ai-voice-concierge/stdout_825a307420f242c3a7383607155e3b85.
2025-07-04T22:17:17.5174336Z Successfully removed non-blocking flag from /podr/container/pipe/7a5986b8471e_ai-voice-concierge/stdout_825a307420f242c3a7383607155e3b85.
2025-07-04T22:17:17.5183287Z Creating stderr named pipe at /podr/container/pipe/7a5986b8471e_ai-voice-concierge/stderr_e12d34fef9574047891acf710443cf2e.
2025-07-04T22:17:17.5192233Z Successfully created stderr named pipe at: /podr/container/pipe/7a5986b8471e_ai-voice-concierge/stderr_e12d34fef9574047891acf710443cf2e.
2025-07-04T22:17:17.5198781Z Opening named pipe /podr/container/pipe/7a5986b8471e_ai-voice-concierge/stderr_e12d34fef9574047891acf710443cf2e for reading in non-blocking mode.
2025-07-04T22:17:17.5601447Z Successfully opened named pipe: /podr/container/pipe/7a5986b8471e_ai-voice-concierge/stderr_e12d34fef9574047891acf710443cf2e.
2025-07-04T22:17:17.5786870Z Successfully removed non-blocking flag from /podr/container/pipe/7a5986b8471e_ai-voice-concierge/stderr_e12d34fef9574047891acf710443cf2e.
2025-07-04T22:17:19.0458967Z Container image exposes ports: 8000. Resolved main port to 8000.
2025-07-04T22:17:19.0557658Z Setting value of PORT variable to 8000
2025-07-04T22:17:19.0749284Z Creating container with image: aiconciergeregistry-eta2akbcfvfqfycd.azurecr.io/ai-concierge:latest from registry: aiconciergeregistry-eta2akbcfvfqfycd.azurecr.io and fully qualified image name: aiconciergeregistry-eta2akbcfvfqfycd.azurecr.io/ai-concierge:latest
2025-07-04T22:17:22.7053312Z Starting container: 7a5986b8471e_ai-voice-concierge.
2025-07-04T22:17:22.8946841Z Starting watchers and probes.
2025-07-04T22:17:22.9147572Z Starting metrics collection.
2025-07-04T22:17:22.9151946Z Container is running.
2025-07-04T22:17:23.5792037Z Container start method finished after 61858 ms.
2025-07-04T22:18:02.1051294Z Site startup probe succeeded after 38.210109 seconds.
2025-07-04T22:18:02.2788806Z Site started.
2025-07-04T22:24:43.2192552Z Container start method called.
2025-07-04T22:24:43.2196262Z Establishing network.
2025-07-04T22:24:43.2200267Z Pulling image: aiconciergeregistry-eta2akbcfvfqfycd.azurecr.io/ai-concierge:latest.
2025-07-04T22:24:47.3195344Z Image aiconciergeregistry-eta2akbcfvfqfycd.azurecr.io/ai-concierge:latest is pulled from registry aiconciergeregistry-eta2akbcfvfqfycd.azurecr.io
2025-07-04T22:24:47.3295843Z Container is starting.
2025-07-04T22:24:47.3315293Z Establishing user namespace if not established already.
2025-07-04T22:24:47.3398665Z Establishing network if not established already.
2025-07-04T22:24:47.3411037Z Mounting volumes.
2025-07-04T22:24:47.3707822Z Nested mountpoint volatile/logs
2025-07-04T22:24:47.3902675Z Nested mountpoint 
2025-07-04T22:24:47.7123599Z Creating container.
2025-07-04T22:24:47.7510743Z Creating pipes for streaming container io.
2025-07-04T22:24:47.7534675Z Creating stdout named pipe at /podr/container/pipe/9f8a324d67ab_ai-voice-concierge/stdout_a286e4bb532f4ec983bbf5858ab46971.
2025-07-04T22:24:47.7618890Z Successfully created stdout named pipe at: /podr/container/pipe/9f8a324d67ab_ai-voice-concierge/stdout_a286e4bb532f4ec983bbf5858ab46971.
2025-07-04T22:24:47.7629024Z Opening named pipe /podr/container/pipe/9f8a324d67ab_ai-voice-concierge/stdout_a286e4bb532f4ec983bbf5858ab46971 for reading in non-blocking mode.
2025-07-04T22:24:47.8030101Z Successfully opened named pipe: /podr/container/pipe/9f8a324d67ab_ai-voice-concierge/stdout_a286e4bb532f4ec983bbf5858ab46971.
2025-07-04T22:24:47.8311867Z Successfully removed non-blocking flag from /podr/container/pipe/9f8a324d67ab_ai-voice-concierge/stdout_a286e4bb532f4ec983bbf5858ab46971.
2025-07-04T22:24:47.8329406Z Creating stderr named pipe at /podr/container/pipe/9f8a324d67ab_ai-voice-concierge/stderr_96a59ba8aec54d20bafd125186a229d8.
2025-07-04T22:24:47.8426389Z Successfully created stderr named pipe at: /podr/container/pipe/9f8a324d67ab_ai-voice-concierge/stderr_96a59ba8aec54d20bafd125186a229d8.
2025-07-04T22:24:47.8630621Z Opening named pipe /podr/container/pipe/9f8a324d67ab_ai-voice-concierge/stderr_96a59ba8aec54d20bafd125186a229d8 for reading in non-blocking mode.
2025-07-04T22:24:47.8722157Z Successfully opened named pipe: /podr/container/pipe/9f8a324d67ab_ai-voice-concierge/stderr_96a59ba8aec54d20bafd125186a229d8.
2025-07-04T22:24:47.8735074Z Successfully removed non-blocking flag from /podr/container/pipe/9f8a324d67ab_ai-voice-concierge/stderr_96a59ba8aec54d20bafd125186a229d8.
2025-07-04T22:24:48.5264403Z Container image exposes ports: 8000. Resolved main port to 8000.
2025-07-04T22:24:48.5545829Z Setting value of PORT variable to 8000
2025-07-04T22:24:48.5563323Z Creating container with image: aiconciergeregistry-eta2akbcfvfqfycd.azurecr.io/ai-concierge:latest from registry: aiconciergeregistry-eta2akbcfvfqfycd.azurecr.io and fully qualified image name: aiconciergeregistry-eta2akbcfvfqfycd.azurecr.io/ai-concierge:latest
2025-07-04T22:24:50.7108768Z Starting container: 9f8a324d67ab_ai-voice-concierge.
2025-07-04T22:24:51.0329544Z Starting watchers and probes.
2025-07-04T22:24:51.0339351Z Starting metrics collection.
2025-07-04T22:24:51.0342466Z Container is running.
2025-07-04T22:24:51.3136063Z Container start method finished after 8086 ms.
2025-07-04T22:25:25.6112396Z Site startup probe succeeded after 34.2219375 seconds.
2025-07-04T22:25:25.7021159Z Site started.
2025-07-04T22:25:45.7838924Z Container is terminating. Grace period: 5 seconds.
2025-07-04T22:25:45.8195538Z Stop and delete container. Retry count = 0
2025-07-04T22:25:45.8207299Z Stopping container: 7a5986b8471e_ai-voice-concierge.
2025-07-04T22:25:47.3108336Z Deleting container: 7a5986b8471e_ai-voice-concierge. Retry count = 0
2025-07-04T22:25:48.0685343Z Container spec TerminationMessagePolicy  path 
2025-07-04T22:25:48.0702958Z Container is terminated. Total time elapsed: 2280 ms.
2025-07-04T22:25:48.0713965Z Site: ai-voice-concierge stopped.
2025-07-04T22:29:49.6054535Z Container is terminating. Grace period: 5 seconds.
2025-07-04T22:29:49.6261457Z Stop and delete container. Retry count = 0
2025-07-04T22:29:49.6268102Z Stopping container: 9f8a324d67ab_ai-voice-concierge.
2025-07-04T22:29:50.7069582Z Deleting container: 9f8a324d67ab_ai-voice-concierge. Retry count = 0
2025-07-04T22:29:51.6180439Z Container spec TerminationMessagePolicy  path 
2025-07-04T22:29:51.6196045Z Container is terminated. Total time elapsed: 2012 ms.
2025-07-04T22:29:51.6202902Z Site: ai-voice-concierge stopped.
2025-07-04T22:31:02.9740390Z Container start method called.
2025-07-04T22:31:03.0423754Z Establishing network.
2025-07-04T22:31:03.0428036Z Pulling image: aiconciergeregistry-eta2akbcfvfqfycd.azurecr.io/ai-concierge:latest.
2025-07-04T22:31:03.9468548Z Container is starting.
2025-07-04T22:31:03.9545871Z Establishing user namespace if not established already.
2025-07-04T22:31:03.9553842Z Establishing network if not established already.
2025-07-04T22:31:03.9560548Z Mounting volumes.
2025-07-04T22:31:03.9567708Z Nested mountpoint volatile/logs
2025-07-04T22:31:03.9752017Z Nested mountpoint 
2025-07-04T22:31:04.0458054Z Creating container.
2025-07-04T22:31:04.0470857Z Creating pipes for streaming container io.
2025-07-04T22:31:04.0553804Z Creating stdout named pipe at /podr/container/pipe/0b300a7573c2_ai-voice-concierge/stdout_79f8ea028a5f45f599241f3407f4c03d.
2025-07-04T22:31:04.0566337Z Successfully created stdout named pipe at: /podr/container/pipe/0b300a7573c2_ai-voice-concierge/stdout_79f8ea028a5f45f599241f3407f4c03d.
2025-07-04T22:31:04.0574264Z Opening named pipe /podr/container/pipe/0b300a7573c2_ai-voice-concierge/stdout_79f8ea028a5f45f599241f3407f4c03d for reading in non-blocking mode.
2025-07-04T22:31:04.0660449Z Successfully opened named pipe: /podr/container/pipe/0b300a7573c2_ai-voice-concierge/stdout_79f8ea028a5f45f599241f3407f4c03d.
2025-07-04T22:31:04.0674039Z Successfully removed non-blocking flag from /podr/container/pipe/0b300a7573c2_ai-voice-concierge/stdout_79f8ea028a5f45f599241f3407f4c03d.
2025-07-04T22:31:04.0757215Z Creating stderr named pipe at /podr/container/pipe/0b300a7573c2_ai-voice-concierge/stderr_23560cccd1d84fcca5d2adffbad42808.
2025-07-04T22:31:04.0766000Z Successfully created stderr named pipe at: /podr/container/pipe/0b300a7573c2_ai-voice-concierge/stderr_23560cccd1d84fcca5d2adffbad42808.
2025-07-04T22:31:04.0771031Z Opening named pipe /podr/container/pipe/0b300a7573c2_ai-voice-concierge/stderr_23560cccd1d84fcca5d2adffbad42808 for reading in non-blocking mode.
2025-07-04T22:31:04.0776087Z Successfully opened named pipe: /podr/container/pipe/0b300a7573c2_ai-voice-concierge/stderr_23560cccd1d84fcca5d2adffbad42808.
2025-07-04T22:31:04.0847194Z Successfully removed non-blocking flag from /podr/container/pipe/0b300a7573c2_ai-voice-concierge/stderr_23560cccd1d84fcca5d2adffbad42808.
2025-07-04T22:31:04.2152436Z Container image exposes ports: 8000. Resolved main port to 8000.
2025-07-04T22:31:04.2155662Z Setting value of PORT variable to 8000
2025-07-04T22:31:04.2159160Z Creating container with image: aiconciergeregistry-eta2akbcfvfqfycd.azurecr.io/ai-concierge:latest from registry: aiconciergeregistry-eta2akbcfvfqfycd.azurecr.io and fully qualified image name: aiconciergeregistry-eta2akbcfvfqfycd.azurecr.io/ai-concierge:latest
2025-07-04T22:31:04.6688609Z Starting container: 0b300a7573c2_ai-voice-concierge.
2025-07-04T22:31:04.7421673Z Starting watchers and probes.
2025-07-04T22:31:04.7502946Z Starting metrics collection.
2025-07-04T22:31:04.7507064Z Container is running.
2025-07-04T22:31:04.8592961Z Container start method finished after 1865 ms.
2025-07-04T22:31:20.9377865Z Site startup probe succeeded after 16.0577707 seconds.
2025-07-04T22:31:21.0193981Z Site started.
